This is pdfTeX, Version 3.141592653-2.6-1.40.22 (TeX Live 2022/dev/Debian) (preloaded format=pdflatex 2022.7.13)  13 JUL 2022 13:17
entering extended mode
 restricted \write18 enabled.
 file:line:error style messages enabled.
 %&-line parsing enabled.
**/home/kris/finalProject/FarmerMerchantSystemProposal.tex
(/home/kris/finalProject/FarmerMerchantSystemProposal.tex
LaTeX2e <2021-11-15> patch level 1
L3 programming layer <2022-01-21> (/usr/share/texlive/texmf-dist/tex/latex/base/article.cls
Document Class: article 2021/10/04 v1.4n Standard LaTeX document class
(/usr/share/texlive/texmf-dist/tex/latex/base/size12.clo
File: size12.clo 2021/10/04 v1.4n Standard LaTeX file (size option)
)
\c@part=\count185
\c@section=\count186
\c@subsection=\count187
\c@subsubsection=\count188
\c@paragraph=\count189
\c@subparagraph=\count190
\c@figure=\count191
\c@table=\count192
\abovecaptionskip=\skip47
\belowcaptionskip=\skip48
\bibindent=\dimen138
) (/usr/share/texlive/texmf-dist/tex/latex/base/inputenc.sty
Package: inputenc 2021/02/14 v1.3d Input encoding file
\inpenc@prehook=\toks16
\inpenc@posthook=\toks17
) (/usr/share/texlive/texmf-dist/tex/latex/url/url.sty
\Urlmuskip=\muskip16
Package: url 2013/09/16  ver 3.4  Verb mode for urls, etc.
) (/usr/share/texlive/texmf-dist/tex/latex/setspace/setspace.sty
Package: setspace 2011/12/19 v6.7a set line spacing
) (/usr/share/texlive/texmf-dist/tex/latex/graphics/graphicx.sty
Package: graphicx 2021/09/16 v1.2d Enhanced LaTeX Graphics (DPC,SPQR)
 (/usr/share/texlive/texmf-dist/tex/latex/graphics/keyval.sty
Package: keyval 2014/10/28 v1.15 key=value parser (DPC)
\KV@toks@=\toks18
) (/usr/share/texlive/texmf-dist/tex/latex/graphics/graphics.sty
Package: graphics 2021/03/04 v1.4d Standard LaTeX Graphics (DPC,SPQR)
 (/usr/share/texlive/texmf-dist/tex/latex/graphics/trig.sty
Package: trig 2021/08/11 v1.11 sin cos tan (DPC)
) (/usr/share/texlive/texmf-dist/tex/latex/graphics-cfg/graphics.cfg
File: graphics.cfg 2016/06/04 v1.11 sample graphics configuration
)
Package graphics Info: Driver file: pdftex.def on input line 107.
 (/usr/share/texlive/texmf-dist/tex/latex/graphics-def/pdftex.def
File: pdftex.def 2020/10/05 v1.2a Graphics/color driver for pdftex
))
\Gin@req@height=\dimen139
\Gin@req@width=\dimen140
) (/usr/share/texlive/texmf-dist/tex/latex/l3backend/l3backend-pdftex.def
File: l3backend-pdftex.def 2022-01-12 L3 backend support: PDF output (pdfTeX)
\l__color_backend_stack_int=\count193
\l__pdf_internal_box=\box50
) (./FarmerMerchantSystemProposal.aux)
\openout1 = `FarmerMerchantSystemProposal.aux'.

LaTeX Font Info:    Checking defaults for OML/cmm/m/it on input line 12.
LaTeX Font Info:    ... okay on input line 12.
LaTeX Font Info:    Checking defaults for OMS/cmsy/m/n on input line 12.
LaTeX Font Info:    ... okay on input line 12.
LaTeX Font Info:    Checking defaults for OT1/cmr/m/n on input line 12.
LaTeX Font Info:    ... okay on input line 12.
LaTeX Font Info:    Checking defaults for T1/cmr/m/n on input line 12.
LaTeX Font Info:    ... okay on input line 12.
LaTeX Font Info:    Checking defaults for TS1/cmr/m/n on input line 12.
LaTeX Font Info:    ... okay on input line 12.
LaTeX Font Info:    Checking defaults for OMX/cmex/m/n on input line 12.
LaTeX Font Info:    ... okay on input line 12.
LaTeX Font Info:    Checking defaults for U/cmr/m/n on input line 12.
LaTeX Font Info:    ... okay on input line 12.
 (/usr/share/texlive/texmf-dist/tex/context/base/mkii/supp-pdf.mkii
[Loading MPS to PDF converter (version 2006.09.02).]
\scratchcounter=\count194
\scratchdimen=\dimen141
\scratchbox=\box51
\nofMPsegments=\count195
\nofMParguments=\count196
\everyMPshowfont=\toks19
\MPscratchCnt=\count197
\MPscratchDim=\dimen142
\MPnumerator=\count198
\makeMPintoPDFobject=\count199
\everyMPtoPDFconversion=\toks20
) (/usr/share/texlive/texmf-dist/tex/latex/epstopdf-pkg/epstopdf-base.sty
Package: epstopdf-base 2020-01-24 v2.11 Base part for package epstopdf
Package epstopdf-base Info: Redefining graphics rule for `.eps' on input line 485.
 (/usr/share/texlive/texmf-dist/tex/latex/latexconfig/epstopdf-sys.cfg
File: epstopdf-sys.cfg 2010/07/13 v1.3 Configuration of (r)epstopdf for TeX Live
))
LaTeX Font Info:    External font `cmex10' loaded for size
(Font)              <14.4> on input line 13.
LaTeX Font Info:    External font `cmex10' loaded for size
(Font)              <7> on input line 13.
 [1

{/var/lib/texmf/fonts/map/pdftex/updmap/pdftex.map}] [2] (./FarmerMerchantSystemProposal.toc
LaTeX Font Info:    External font `cmex10' loaded for size
(Font)              <12> on input line 2.
LaTeX Font Info:    External font `cmex10' loaded for size
(Font)              <8> on input line 2.
LaTeX Font Info:    External font `cmex10' loaded for size
(Font)              <6> on input line 2.
)
\tf@toc=\write3
\openout3 = `FarmerMerchantSystemProposal.toc'.

 [3] (./Introduction/background.tex) (./Introduction/targetgroup.tex
Overfull \hbox (42.28255pt too wide) in paragraph at lines 2--1
\OT1/cmr/m/n/12 than what could be sup-ported by gath-er-ing and hunt-ing. Wheet,peas,lentils,chickpeas
 []

[4]) (./Introduction/problem_statement.tex) (./Introduction/scope.tex [5]) (./Introduction/generalobjective.tex) (./Introduction/specificobjective.tex [6]) (./Introduction/justification.tex [7]) (./Introduction/limitations.tex) [8] (./Literature_review/LiteratureReview.tex) (./Literature_review/TheoreticalReview.tex
<./images//mobilepayment.png, id=35, 783.92876pt x 337.26pt>
File: ./images//mobilepayment.png Graphic file (type png)
<use ./images//mobilepayment.png>
Package pdftex.def Info: ./images//mobilepayment.png  used on input line 14.
(pdftex.def)             Requested size: 426.7961pt x 284.53154pt.

Overfull \hbox (36.7961pt too wide) in paragraph at lines 14--15
 [] 
 []

[9] [10 <./images//mobilepayment.png>]) (./Literature_review/similarProjects.tex [11] [12]
<./images//jiji.png, id=50, 432.61626pt x 532.99126pt>
File: ./images//jiji.png Graphic file (type png)
<use ./images//jiji.png>
Package pdftex.def Info: ./images//jiji.png  used on input line 22.
(pdftex.def)             Requested size: 284.53743pt x 284.53348pt.
 [13 <./images//jiji.png>]
<./images//mfarm.png, id=56, 482.80376pt x 723.70375pt>
File: ./images//mfarm.png Graphic file (type png)
<use ./images//mfarm.png>
Package pdftex.def Info: ./images//mfarm.png  used on input line 36.
(pdftex.def)             Requested size: 426.80614pt x 483.69742pt.

Overfull \hbox (36.80614pt too wide) in paragraph at lines 36--37
 [] 
 []

[14] [15 <./images//mfarm.png>]
<./images//twiga.png, id=64, 532.99126pt x 512.91624pt>
File: ./images//twiga.png Graphic file (type png)
<use ./images//twiga.png>
Package pdftex.def Info: ./images//twiga.png  used on input line 46.
(pdftex.def)             Requested size: 426.80023pt x 483.6988pt.

Overfull \hbox (36.80023pt too wide) in paragraph at lines 46--47
 [] 
 []

[16]) (./Conceptual_Framework/conceptualFramework.tex
Overfull \hbox (51.29495pt too wide) in paragraph at lines 2--11
\OT1/cmr/m/n/12 con-cep-tual frame-work. The user reg-is-ters to the sys-tem us-ing his/her name,email,phone
 []

[17 <./images//twiga.png>]
<./images//conceptualFramework.png, id=72, 633.36626pt x 804.00375pt>
File: ./images//conceptualFramework.png Graphic file (type png)
<use ./images//conceptualFramework.png>
Package pdftex.def Info: ./images//conceptualFramework.png  used on input line 14.
(pdftex.def)             Requested size: 455.25021pt x 569.05553pt.

Overfull \hbox (65.25021pt too wide) in paragraph at lines 14--15
 [] 
 []

[18]
Overfull \vbox (20.55553pt too high) has occurred while \output is active []

 [19 <./images//conceptualFramework.png>]) (./Methodology/Methodology.tex
Overfull \hbox (0.22234pt too wide) in paragraph at lines 21--24
\OT1/cmr/m/n/12 Many sources were from re-search ar-ti-cles and the-sis from dif-fer-ent re-searchers.
 []

[20]
<./images//systemdesign.png, id=84, 709.65125pt x 984.67876pt>
File: ./images//systemdesign.png Graphic file (type png)
<use ./images//systemdesign.png>
Package pdftex.def Info: ./images//systemdesign.png  used on input line 27.
(pdftex.def)             Requested size: 455.25809pt x 569.07068pt.

Overfull \hbox (65.25809pt too wide) in paragraph at lines 27--28
 [] 
 []

[21]
Overfull \vbox (59.31514pt too high) has occurred while \output is active []

 [22 <./images//systemdesign.png>]) (./FarmerMerchantSystemProposal.bbl
** WARNING: IEEEtran.bst: No hyphenation pattern has been
** loaded for the language `en'. Using the pattern for
** the default language instead.
** WARNING: IEEEtran.bst: No hyphenation pattern has been
** loaded for the language `en'. Using the pattern for
** the default language instead.

Underfull \hbox (badness 7291) in paragraph at lines 30--33
[]\OT1/cmr/m/n/12 ``History of agri-cul-ture,'' $https : / / www . newworldencyclopedia . org /
 []

** WARNING: IEEEtran.bst: No hyphenation pattern has been
** loaded for the language `en'. Using the pattern for
** the default language instead.

Underfull \hbox (badness 10000) in paragraph at lines 43--47
[]\OT1/cmr/m/n/12 ``Kenya: value added of agri-cul-ture to GDP 2016-
 []


Underfull \hbox (badness 10000) in paragraph at lines 43--47
\OT1/cmr/m/n/12 2021,'' $https : / / www . statista . com / statistics / 1167532 /
 []


Underfull \hbox (badness 10000) in paragraph at lines 43--47
\OT1/cmr/m/n/12 value-[]added-[]of-[]agriculture-[]to-[]the-[]gdp-[]at-[]current-[]prices-[]in-[]kenya/$,
 []

** WARNING: IEEEtran.bst: No hyphenation pattern has been
** loaded for the language `en'. Using the pattern for
** the default language instead.

Underfull \hbox (badness 10000) in paragraph at lines 49--52
[]\OT1/cmr/m/n/12 ``Worldwide food waste,'' $https : / / www . unep . org / thinkeatsave /
 []

** WARNING: IEEEtran.bst: No hyphenation pattern has been
** loaded for the language `en'. Using the pattern for
** the default language instead.
[23]
** WARNING: IEEEtran.bst: No hyphenation pattern has been
** loaded for the language `en'. Using the pattern for
** the default language instead.

Underfull \hbox (badness 10000) in paragraph at lines 87--91
[]\OT1/cmr/m/n/12 S. Cor-nelisse, ``E-commerce for ag busi-ness: Ad-
 []


Underfull \hbox (badness 10000) in paragraph at lines 87--91
\OT1/cmr/m/n/12 van-tages and chal-lenges,'' $https : / / extension . psu . edu /
 []


Underfull \hbox (badness 10000) in paragraph at lines 87--91
\OT1/cmr/m/n/12 e-[]commerce-[]for-[]ag-[]business-[]advantages-[]and-[]challenges$, ac-cessed:
 []

** WARNING: IEEEtran.bst: No hyphenation pattern has been
** loaded for the language `en'. Using the pattern for
** the default language instead.

Underfull \hbox (badness 1953) in paragraph at lines 93--96
\OT1/cmr/m/n/12 and mar-ket ac-cess,'' $https : / / www . wired . co . uk / article / mfarm$, Jun.
 []

) [24] (./FarmerMerchantSystemProposal.aux) ) 
Here is how much of TeX's memory you used:
 1613 strings out of 478287
 28247 string characters out of 5849289
 318866 words of memory out of 5000000
 19776 multiletter control sequences out of 15000+600000
 476372 words of font info for 51 fonts, out of 8000000 for 9000
 1141 hyphenation exceptions out of 8191
 55i,6n,62p,547b,285s stack positions out of 5000i,500n,10000p,200000b,80000s
{/usr/share/texmf/fonts/enc/dvips/cm-super/cm-super-ts1.enc}</usr/share/texlive/texmf-dist/fonts/type1/public/amsfonts/cm/cmbx10.pfb></usr/share/texlive/texmf-dist/fonts/type1/public/amsfonts/cm/cmbx12.pfb></usr/share/texlive/texmf-dist/fonts/type1/public/amsfonts/cm/cmr10.pfb></usr/share/texlive/texmf-dist/fonts/type1/public/amsfonts/cm/cmr12.pfb></usr/share/texlive/texmf-dist/fonts/type1/public/amsfonts/cm/cmti10.pfb></usr/share/texlive/texmf-dist/fonts/type1/public/amsfonts/cm/cmti12.pfb></usr/share/texmf/fonts/type1/public/cm-super/sfrm1200.pfb>
Output written on FarmerMerchantSystemProposal.pdf (24 pages, 315217 bytes).
PDF statistics:
 130 PDF objects out of 1000 (max. 8388607)
 77 compressed objects within 1 object stream
 0 named destinations out of 1000 (max. 500000)
 31 words of extra memory for PDF output out of 10000 (max. 10000000)

